#
# There is insufficient memory for the Java Runtime Environment to continue.
# Native memory allocation (malloc) failed to allocate 1416816 bytes for Chunk::new
# Possible reasons:
#   The system is out of physical RAM or swap space
#   The process is running with CompressedOops enabled, and the Java Heap may be blocking the growth of the native heap
# Possible solutions:
#   Reduce memory load on the system
#   Increase physical memory or swap space
#   Check if swap backing store is full
#   Decrease Java heap size (-Xmx/-Xms)
#   Decrease number of Java threads
#   Decrease Java thread stack sizes (-Xss)
#   Set larger code cache with -XX:ReservedCodeCacheSize=
#   JVM is running with Unscaled Compressed Oops mode in which the Java heap is
#     placed in the first 4GB address space. The Java Heap base address is the
#     maximum limit for the native heap growth. Please use -XX:HeapBaseMinAddress
#     to set the Java Heap base and to place the Java Heap above 4GB virtual address.
# This output file may be truncated or incomplete.
#
#  Out of Memory Error (./open/src/hotspot/share/memory/arena.cpp:197), pid=25040, tid=22972
#
# JRE version: Java(TM) SE Runtime Environment 18.9 (11.0.23+7) (build 11.0.23+7-LTS-222)
# Java VM: Java HotSpot(TM) 64-Bit Server VM 18.9 (11.0.23+7-LTS-222, mixed mode, tiered, compressed oops, g1 gc, windows-amd64)
# No core dump will be written. Minidumps are not enabled by default on client versions of Windows
#

---------------  S U M M A R Y ------------

Command Line: -Dorg.gradle.internal.worker.tmpdir=C:\Users\user\Desktop\course\Intelij\workspace\BootJpa\build\tmp\test\work -Xmx512m -Dfile.encoding=x-windows-949 -Duser.country=US -Duser.language=en -Duser.variant -ea worker.org.gradle.process.internal.worker.GradleWorkerMain 'Gradle Test Executor 1'

Host: 12th Gen Intel(R) Core(TM) i5-12400, 12 cores, 15G,  Windows 11 , 64 bit Build 22621 (10.0.22621.3958)
Time: Thu Aug 22 09:17:15 2024  Windows 11 , 64 bit Build 22621 (10.0.22621.3958) elapsed time: 5.160458 seconds (0d 0h 0m 5s)

---------------  T H R E A D  ---------------

Current thread (0x0000021148c07000):  JavaThread "C2 CompilerThread1" daemon [_thread_in_native, id=22972, stack(0x0000005be2b00000,0x0000005be2c00000)]


Current CompileTask:
C2:   5160 5035       4       org.springframework.beans.factory.support.AbstractBeanFactory::isTypeMatch (607 bytes)

Stack: [0x0000005be2b00000,0x0000005be2c00000]
Native frames: (J=compiled Java code, j=interpreted, Vv=VM code, C=native code)
V  [jvm.dll+0x65524a]
V  [jvm.dll+0x79646f]
V  [jvm.dll+0x797b39]
V  [jvm.dll+0x7981e3]
V  [jvm.dll+0x254ee5]
V  [jvm.dll+0xb310c]
V  [jvm.dll+0xb371c]
V  [jvm.dll+0x35ecbf]
V  [jvm.dll+0x1a0e72]
V  [jvm.dll+0x20efad]
V  [jvm.dll+0x20de2d]
V  [jvm.dll+0x18b291]
V  [jvm.dll+0x21def4]
V  [jvm.dll+0x21c21c]
V  [jvm.dll+0x75a5f1]
V  [jvm.dll+0x752ef4]
V  [jvm.dll+0x6540f5]
C  [ucrtbase.dll+0x29333]
C  [KERNEL32.DLL+0x1257d]
C  [ntdll.dll+0x5af28]


---------------  P R O C E S S  ---------------

Threads class SMR info:
_java_thread_list=0x00000211485faba0, length=17, elements={
0x0000021127751000, 0x0000021142b4d800, 0x0000021142b70800, 0x0000021142be3000,
0x0000021142be4000, 0x0000021142be5800, 0x0000021142be7800, 0x0000021142bee000,
0x0000021142bf1800, 0x0000021142d1b000, 0x000002114375b800, 0x0000021143ca1800,
0x0000021143c64000, 0x000002114755c800, 0x000002114907d800, 0x00000211488d7800,
0x0000021148c07000
}

Java Threads: ( => current thread )
  0x0000021127751000 JavaThread "Test worker" [_thread_in_Java, id=23260, stack(0x0000005be1a00000,0x0000005be1b00000)]
  0x0000021142b4d800 JavaThread "Reference Handler" daemon [_thread_blocked, id=2500, stack(0x0000005be2100000,0x0000005be2200000)]
  0x0000021142b70800 JavaThread "Finalizer" daemon [_thread_blocked, id=19288, stack(0x0000005be2200000,0x0000005be2300000)]
  0x0000021142be3000 JavaThread "Signal Dispatcher" daemon [_thread_blocked, id=24124, stack(0x0000005be2300000,0x0000005be2400000)]
  0x0000021142be4000 JavaThread "Attach Listener" daemon [_thread_blocked, id=5880, stack(0x0000005be2400000,0x0000005be2500000)]
  0x0000021142be5800 JavaThread "Service Thread" daemon [_thread_blocked, id=22072, stack(0x0000005be2500000,0x0000005be2600000)]
  0x0000021142be7800 JavaThread "C2 CompilerThread0" daemon [_thread_in_native, id=2176, stack(0x0000005be2600000,0x0000005be2700000)]
  0x0000021142bee000 JavaThread "C1 CompilerThread0" daemon [_thread_blocked, id=1712, stack(0x0000005be2700000,0x0000005be2800000)]
  0x0000021142bf1800 JavaThread "Sweeper thread" daemon [_thread_blocked, id=4528, stack(0x0000005be2800000,0x0000005be2900000)]
  0x0000021142d1b000 JavaThread "Common-Cleaner" daemon [_thread_blocked, id=16800, stack(0x0000005be2a00000,0x0000005be2b00000)]
  0x000002114375b800 JavaThread "/127.0.0.1:49220 to /127.0.0.1:49218 workers" [_thread_blocked, id=24220, stack(0x0000005be2d00000,0x0000005be2e00000)]
  0x0000021143ca1800 JavaThread "/127.0.0.1:49220 to /127.0.0.1:49218 workers Thread 2" [_thread_blocked, id=19256, stack(0x0000005be2e00000,0x0000005be2f00000)]
  0x0000021143c64000 JavaThread "/127.0.0.1:49220 to /127.0.0.1:49218 workers Thread 3" [_thread_in_native, id=25428, stack(0x0000005be2f00000,0x0000005be3000000)]
  0x000002114755c800 JavaThread "mysql-cj-abandoned-connection-cleanup" daemon [_thread_blocked, id=8844, stack(0x0000005be3a00000,0x0000005be3b00000)]
  0x000002114907d800 JavaThread "HikariPool-1 housekeeper" daemon [_thread_blocked, id=7456, stack(0x0000005be3d00000,0x0000005be3e00000)]
  0x00000211488d7800 JavaThread "HikariPool-1 connection adder" daemon [_thread_blocked, id=24628, stack(0x0000005be3e00000,0x0000005be3f00000)]
=>0x0000021148c07000 JavaThread "C2 CompilerThread1" daemon [_thread_in_native, id=22972, stack(0x0000005be2b00000,0x0000005be2c00000)]

Other Threads:
  0x0000021142331000 VMThread "VM Thread" [stack: 0x0000005be2000000,0x0000005be2100000] [id=18780]
  0x0000021142d19000 WatcherThread [stack: 0x0000005be2900000,0x0000005be2a00000] [id=21772]
  0x0000021127766000 GCTaskThread "GC Thread#0" [stack: 0x0000005be1b00000,0x0000005be1c00000] [id=18852]
  0x00000211436b7800 GCTaskThread "GC Thread#1" [stack: 0x0000005be3000000,0x0000005be3100000] [id=23948]
  0x0000021143d6f800 GCTaskThread "GC Thread#2" [stack: 0x0000005be3100000,0x0000005be3200000] [id=23036]
  0x000002114459a800 GCTaskThread "GC Thread#3" [stack: 0x0000005be3200000,0x0000005be3300000] [id=25488]
  0x000002114459f800 GCTaskThread "GC Thread#4" [stack: 0x0000005be3300000,0x0000005be3400000] [id=9060]
  0x0000021144599000 GCTaskThread "GC Thread#5" [stack: 0x0000005be3400000,0x0000005be3500000] [id=11956]
  0x000002114459f000 GCTaskThread "GC Thread#6" [stack: 0x0000005be3500000,0x0000005be3600000] [id=4532]
  0x000002114459e000 GCTaskThread "GC Thread#7" [stack: 0x0000005be3600000,0x0000005be3700000] [id=1020]
  0x000002114459b800 GCTaskThread "GC Thread#8" [stack: 0x0000005be3b00000,0x0000005be3c00000] [id=8160]
  0x000002114459c800 GCTaskThread "GC Thread#9" [stack: 0x0000005be3c00000,0x0000005be3d00000] [id=11700]
  0x0000021127773000 ConcurrentGCThread "G1 Main Marker" [stack: 0x0000005be1c00000,0x0000005be1d00000] [id=6392]
  0x0000021127776800 ConcurrentGCThread "G1 Conc#0" [stack: 0x0000005be1d00000,0x0000005be1e00000] [id=24024]
  0x00000211445a0800 ConcurrentGCThread "G1 Conc#1" [stack: 0x0000005be3800000,0x0000005be3900000] [id=5828]
  0x000002114459a000 ConcurrentGCThread "G1 Conc#2" [stack: 0x0000005be3900000,0x0000005be3a00000] [id=1200]
  0x00000211421b2800 ConcurrentGCThread "G1 Refine#0" [stack: 0x0000005be1e00000,0x0000005be1f00000] [id=16140]
  0x00000211421b3800 ConcurrentGCThread "G1 Young RemSet Sampling" [stack: 0x0000005be1f00000,0x0000005be2000000] [id=23916]

Threads with active compile tasks:
C2 CompilerThread0     5196 5000   !   4       org.springframework.core.annotation.AnnotationsScanner::processMethodHierarchy (276 bytes)
C2 CompilerThread1     5196 5035       4       org.springframework.beans.factory.support.AbstractBeanFactory::isTypeMatch (607 bytes)

VM state:not at safepoint (normal execution)

VM Mutex/Monitor currently owned by a thread: None

Heap address: 0x00000000e0000000, size: 512 MB, Compressed Oops mode: 32-bit
Narrow klass base: 0x0000000000000000, Narrow klass shift: 3
Compressed class space size: 1073741824 Address: 0x0000000100000000

Heap:
 garbage-first heap   total 258048K, used 132202K [0x00000000e0000000, 0x0000000100000000)
  region size 1024K, 116 young (118784K), 9 survivors (9216K)
 Metaspace       used 64450K, capacity 66160K, committed 66204K, reserved 1105920K
  class space    used 8452K, capacity 9175K, committed 9196K, reserved 1048576K
Heap Regions: E=young(eden), S=young(survivor), O=old, HS=humongous(starts), HC=humongous(continues), CS=collection set, F=free, A=archive, TAMS=top-at-mark-start (previous, next)
|   0|0x00000000e0000000, 0x00000000e0100000, 0x00000000e0100000|100%|HS|  |TAMS 0x00000000e0100000, 0x00000000e0000000| Complete 
|   1|0x00000000e0100000, 0x00000000e0200000, 0x00000000e0200000|100%| O|  |TAMS 0x00000000e0200000, 0x00000000e0100000| Untracked 
|   2|0x00000000e0200000, 0x00000000e0300000, 0x00000000e0300000|100%| O|  |TAMS 0x00000000e0300000, 0x00000000e0200000| Untracked 
|   3|0x00000000e0300000, 0x00000000e0400000, 0x00000000e0400000|100%| O|  |TAMS 0x00000000e0400000, 0x00000000e0300000| Untracked 
|   4|0x00000000e0400000, 0x00000000e0500000, 0x00000000e0500000|100%| O|  |TAMS 0x00000000e0500000, 0x00000000e0400000| Untracked 
|   5|0x00000000e0500000, 0x00000000e0600000, 0x00000000e0600000|100%| O|  |TAMS 0x00000000e0600000, 0x00000000e0500000| Untracked 
|   6|0x00000000e0600000, 0x00000000e0700000, 0x00000000e0700000|100%| O|  |TAMS 0x00000000e0700000, 0x00000000e0600000| Untracked 
|   7|0x00000000e0700000, 0x00000000e0800000, 0x00000000e0800000|100%| O|  |TAMS 0x00000000e0800000, 0x00000000e0700000| Untracked 
|   8|0x00000000e0800000, 0x00000000e0900000, 0x00000000e0900000|100%| O|  |TAMS 0x00000000e0900000, 0x00000000e0800000| Untracked 
|   9|0x00000000e0900000, 0x00000000e0a00000, 0x00000000e0a00000|100%| O|  |TAMS 0x00000000e0a00000, 0x00000000e0900000| Untracked 
|  10|0x00000000e0a00000, 0x00000000e0b00000, 0x00000000e0b00000|100%| O|  |TAMS 0x00000000e0b00000, 0x00000000e0a00000| Untracked 
|  11|0x00000000e0b00000, 0x00000000e0c00000, 0x00000000e0c00000|100%| O|  |TAMS 0x00000000e0c00000, 0x00000000e0b00000| Untracked 
|  12|0x00000000e0c00000, 0x00000000e0d00000, 0x00000000e0d00000|100%| O|  |TAMS 0x00000000e0d00000, 0x00000000e0c00000| Untracked 
|  13|0x00000000e0d00000, 0x00000000e0e00000, 0x00000000e0e00000|100%| O|  |TAMS 0x00000000e0e00000, 0x00000000e0d00000| Untracked 
|  14|0x00000000e0e00000, 0x00000000e0e53200, 0x00000000e0f00000| 32%| O|  |TAMS 0x00000000e0e53200, 0x00000000e0e00000| Untracked 
|  15|0x00000000e0f00000, 0x00000000e0f00000, 0x00000000e1000000|  0%| F|  |TAMS 0x00000000e0f00000, 0x00000000e0f00000| Untracked 
|  16|0x00000000e1000000, 0x00000000e1000000, 0x00000000e1100000|  0%| F|  |TAMS 0x00000000e1000000, 0x00000000e1000000| Untracked 
|  17|0x00000000e1100000, 0x00000000e1100000, 0x00000000e1200000|  0%| F|  |TAMS 0x00000000e1100000, 0x00000000e1100000| Untracked 
|  18|0x00000000e1200000, 0x00000000e1200000, 0x00000000e1300000|  0%| F|  |TAMS 0x00000000e1200000, 0x00000000e1200000| Untracked 
|  19|0x00000000e1300000, 0x00000000e1300000, 0x00000000e1400000|  0%| F|  |TAMS 0x00000000e1300000, 0x00000000e1300000| Untracked 
|  20|0x00000000e1400000, 0x00000000e1400000, 0x00000000e1500000|  0%| F|  |TAMS 0x00000000e1400000, 0x00000000e1400000| Untracked 
|  21|0x00000000e1500000, 0x00000000e1500000, 0x00000000e1600000|  0%| F|  |TAMS 0x00000000e1500000, 0x00000000e1500000| Untracked 
|  22|0x00000000e1600000, 0x00000000e1600000, 0x00000000e1700000|  0%| F|  |TAMS 0x00000000e1600000, 0x00000000e1600000| Untracked 
|  23|0x00000000e1700000, 0x00000000e1700000, 0x00000000e1800000|  0%| F|  |TAMS 0x00000000e1700000, 0x00000000e1700000| Untracked 
|  24|0x00000000e1800000, 0x00000000e1800000, 0x00000000e1900000|  0%| F|  |TAMS 0x00000000e1800000, 0x00000000e1800000| Untracked 
|  25|0x00000000e1900000, 0x00000000e1900000, 0x00000000e1a00000|  0%| F|  |TAMS 0x00000000e1900000, 0x00000000e1900000| Untracked 
|  26|0x00000000e1a00000, 0x00000000e1a00000, 0x00000000e1b00000|  0%| F|  |TAMS 0x00000000e1a00000, 0x00000000e1a00000| Untracked 
|  27|0x00000000e1b00000, 0x00000000e1b00000, 0x00000000e1c00000|  0%| F|  |TAMS 0x00000000e1b00000, 0x00000000e1b00000| Untracked 
|  28|0x00000000e1c00000, 0x00000000e1c00000, 0x00000000e1d00000|  0%| F|  |TAMS 0x00000000e1c00000, 0x00000000e1c00000| Untracked 
|  29|0x00000000e1d00000, 0x00000000e1d00000, 0x00000000e1e00000|  0%| F|  |TAMS 0x00000000e1d00000, 0x00000000e1d00000| Untracked 
|  30|0x00000000e1e00000, 0x00000000e1e00000, 0x00000000e1f00000|  0%| F|  |TAMS 0x00000000e1e00000, 0x00000000e1e00000| Untracked 
|  31|0x00000000e1f00000, 0x00000000e1f00000, 0x00000000e2000000|  0%| F|  |TAMS 0x00000000e1f00000, 0x00000000e1f00000| Untracked 
|  32|0x00000000e2000000, 0x00000000e2000000, 0x00000000e2100000|  0%| F|  |TAMS 0x00000000e2000000, 0x00000000e2000000| Untracked 
|  33|0x00000000e2100000, 0x00000000e2100000, 0x00000000e2200000|  0%| F|  |TAMS 0x00000000e2100000, 0x00000000e2100000| Untracked 
|  34|0x00000000e2200000, 0x00000000e2200000, 0x00000000e2300000|  0%| F|  |TAMS 0x00000000e2200000, 0x00000000e2200000| Untracked 
|  35|0x00000000e2300000, 0x00000000e2300000, 0x00000000e2400000|  0%| F|  |TAMS 0x00000000e2300000, 0x00000000e2300000| Untracked 
|  36|0x00000000e2400000, 0x00000000e2400000, 0x00000000e2500000|  0%| F|  |TAMS 0x00000000e2400000, 0x00000000e2400000| Untracked 
|  37|0x00000000e2500000, 0x00000000e2500000, 0x00000000e2600000|  0%| F|  |TAMS 0x00000000e2500000, 0x00000000e2500000| Untracked 
|  38|0x00000000e2600000, 0x00000000e2600000, 0x00000000e2700000|  0%| F|  |TAMS 0x00000000e2600000, 0x00000000e2600000| Untracked 
|  39|0x00000000e2700000, 0x00000000e2700000, 0x00000000e2800000|  0%| F|  |TAMS 0x00000000e2700000, 0x00000000e2700000| Untracked 
|  40|0x00000000e2800000, 0x00000000e2800000, 0x00000000e2900000|  0%| F|  |TAMS 0x00000000e2800000, 0x00000000e2800000| Untracked 
|  41|0x00000000e2900000, 0x00000000e2900000, 0x00000000e2a00000|  0%| F|  |TAMS 0x00000000e2900000, 0x00000000e2900000| Untracked 
|  42|0x00000000e2a00000, 0x00000000e2a00000, 0x00000000e2b00000|  0%| F|  |TAMS 0x00000000e2a00000, 0x00000000e2a00000| Untracked 
|  43|0x00000000e2b00000, 0x00000000e2b00000, 0x00000000e2c00000|  0%| F|  |TAMS 0x00000000e2b00000, 0x00000000e2b00000| Untracked 
|  44|0x00000000e2c00000, 0x00000000e2c00000, 0x00000000e2d00000|  0%| F|  |TAMS 0x00000000e2c00000, 0x00000000e2c00000| Untracked 
|  45|0x00000000e2d00000, 0x00000000e2d00000, 0x00000000e2e00000|  0%| F|  |TAMS 0x00000000e2d00000, 0x00000000e2d00000| Untracked 
|  46|0x00000000e2e00000, 0x00000000e2e00000, 0x00000000e2f00000|  0%| F|  |TAMS 0x00000000e2e00000, 0x00000000e2e00000| Untracked 
|  47|0x00000000e2f00000, 0x00000000e2f00000, 0x00000000e3000000|  0%| F|  |TAMS 0x00000000e2f00000, 0x00000000e2f00000| Untracked 
|  48|0x00000000e3000000, 0x00000000e3000000, 0x00000000e3100000|  0%| F|  |TAMS 0x00000000e3000000, 0x00000000e3000000| Untracked 
|  49|0x00000000e3100000, 0x00000000e3100000, 0x00000000e3200000|  0%| F|  |TAMS 0x00000000e3100000, 0x00000000e3100000| Untracked 
|  50|0x00000000e3200000, 0x00000000e3200000, 0x00000000e3300000|  0%| F|  |TAMS 0x00000000e3200000, 0x00000000e3200000| Untracked 
|  51|0x00000000e3300000, 0x00000000e3300000, 0x00000000e3400000|  0%| F|  |TAMS 0x00000000e3300000, 0x00000000e3300000| Untracked 
|  52|0x00000000e3400000, 0x00000000e3400000, 0x00000000e3500000|  0%| F|  |TAMS 0x00000000e3400000, 0x00000000e3400000| Untracked 
|  53|0x00000000e3500000, 0x00000000e3500000, 0x00000000e3600000|  0%| F|  |TAMS 0x00000000e3500000, 0x00000000e3500000| Untracked 
|  54|0x00000000e3600000, 0x00000000e3600000, 0x00000000e3700000|  0%| F|  |TAMS 0x00000000e3600000, 0x00000000e3600000| Untracked 
|  55|0x00000000e3700000, 0x00000000e3700000, 0x00000000e3800000|  0%| F|  |TAMS 0x00000000e3700000, 0x00000000e3700000| Untracked 
|  56|0x00000000e3800000, 0x00000000e3800000, 0x00000000e3900000|  0%| F|  |TAMS 0x00000000e3800000, 0x00000000e3800000| Untracked 
|  57|0x00000000e3900000, 0x00000000e3900000, 0x00000000e3a00000|  0%| F|  |TAMS 0x00000000e3900000, 0x00000000e3900000| Untracked 
|  58|0x00000000e3a00000, 0x00000000e3a00000, 0x00000000e3b00000|  0%| F|  |TAMS 0x00000000e3a00000, 0x00000000e3a00000| Untracked 
|  59|0x00000000e3b00000, 0x00000000e3b00000, 0x00000000e3c00000|  0%| F|  |TAMS 0x00000000e3b00000, 0x00000000e3b00000| Untracked 
|  60|0x00000000e3c00000, 0x00000000e3c00000, 0x00000000e3d00000|  0%| F|  |TAMS 0x00000000e3c00000, 0x00000000e3c00000| Untracked 
|  61|0x00000000e3d00000, 0x00000000e3d00000, 0x00000000e3e00000|  0%| F|  |TAMS 0x00000000e3d00000, 0x00000000e3d00000| Untracked 
|  62|0x00000000e3e00000, 0x00000000e3e00000, 0x00000000e3f00000|  0%| F|  |TAMS 0x00000000e3e00000, 0x00000000e3e00000| Untracked 
|  63|0x00000000e3f00000, 0x00000000e3f00000, 0x00000000e4000000|  0%| F|  |TAMS 0x00000000e3f00000, 0x00000000e3f00000| Untracked 
|  64|0x00000000e4000000, 0x00000000e4000000, 0x00000000e4100000|  0%| F|  |TAMS 0x00000000e4000000, 0x00000000e4000000| Untracked 
|  65|0x00000000e4100000, 0x00000000e4100000, 0x00000000e4200000|  0%| F|  |TAMS 0x00000000e4100000, 0x00000000e4100000| Untracked 
|  66|0x00000000e4200000, 0x00000000e4200000, 0x00000000e4300000|  0%| F|  |TAMS 0x00000000e4200000, 0x00000000e4200000| Untracked 
|  67|0x00000000e4300000, 0x00000000e4300000, 0x00000000e4400000|  0%| F|  |TAMS 0x00000000e4300000, 0x00000000e4300000| Untracked 
|  68|0x00000000e4400000, 0x00000000e4400000, 0x00000000e4500000|  0%| F|  |TAMS 0x00000000e4400000, 0x00000000e4400000| Untracked 
|  69|0x00000000e4500000, 0x00000000e4500000, 0x00000000e4600000|  0%| F|  |TAMS 0x00000000e4500000, 0x00000000e4500000| Untracked 
|  70|0x00000000e4600000, 0x00000000e4600000, 0x00000000e4700000|  0%| F|  |TAMS 0x00000000e4600000, 0x00000000e4600000| Untracked 
|  71|0x00000000e4700000, 0x00000000e4700000, 0x00000000e4800000|  0%| F|  |TAMS 0x00000000e4700000, 0x00000000e4700000| Untracked 
|  72|0x00000000e4800000, 0x00000000e4800000, 0x00000000e4900000|  0%| F|  |TAMS 0x00000000e4800000, 0x00000000e4800000| Untracked 
|  73|0x00000000e4900000, 0x00000000e4900000, 0x00000000e4a00000|  0%| F|  |TAMS 0x00000000e4900000, 0x00000000e4900000| Untracked 
|  74|0x00000000e4a00000, 0x00000000e4a00000, 0x00000000e4b00000|  0%| F|  |TAMS 0x00000000e4a00000, 0x00000000e4a00000| Untracked 
|  75|0x00000000e4b00000, 0x00000000e4b00000, 0x00000000e4c00000|  0%| F|  |TAMS 0x00000000e4b00000, 0x00000000e4b00000| Untracked 
|  76|0x00000000e4c00000, 0x00000000e4c00000, 0x00000000e4d00000|  0%| F|  |TAMS 0x00000000e4c00000, 0x00000000e4c00000| Untracked 
|  77|0x00000000e4d00000, 0x00000000e4d00000, 0x00000000e4e00000|  0%| F|  |TAMS 0x00000000e4d00000, 0x00000000e4d00000| Untracked 
|  78|0x00000000e4e00000, 0x00000000e4e00000, 0x00000000e4f00000|  0%| F|  |TAMS 0x00000000e4e00000, 0x00000000e4e00000| Untracked 
|  79|0x00000000e4f00000, 0x00000000e4f00000, 0x00000000e5000000|  0%| F|  |TAMS 0x00000000e4f00000, 0x00000000e4f00000| Untracked 
|  80|0x00000000e5000000, 0x00000000e5000000, 0x00000000e5100000|  0%| F|  |TAMS 0x00000000e5000000, 0x00000000e5000000| Untracked 
|  81|0x00000000e5100000, 0x00000000e5100000, 0x00000000e5200000|  0%| F|  |TAMS 0x00000000e5100000, 0x00000000e5100000| Untracked 
|  82|0x00000000e5200000, 0x00000000e5200000, 0x00000000e5300000|  0%| F|  |TAMS 0x00000000e5200000, 0x00000000e5200000| Untracked 
|  83|0x00000000e5300000, 0x00000000e5300000, 0x00000000e5400000|  0%| F|  |TAMS 0x00000000e5300000, 0x00000000e5300000| Untracked 
|  84|0x00000000e5400000, 0x00000000e5400000, 0x00000000e5500000|  0%| F|  |TAMS 0x00000000e5400000, 0x00000000e5400000| Untracked 
|  85|0x00000000e5500000, 0x00000000e5500000, 0x00000000e5600000|  0%| F|  |TAMS 0x00000000e5500000, 0x00000000e5500000| Untracked 
|  86|0x00000000e5600000, 0x00000000e5600000, 0x00000000e5700000|  0%| F|  |TAMS 0x00000000e5600000, 0x00000000e5600000| Untracked 
|  87|0x00000000e5700000, 0x00000000e5700000, 0x00000000e5800000|  0%| F|  |TAMS 0x00000000e5700000, 0x00000000e5700000| Untracked 
|  88|0x00000000e5800000, 0x00000000e5800000, 0x00000000e5900000|  0%| F|  |TAMS 0x00000000e5800000, 0x00000000e5800000| Untracked 
|  89|0x00000000e5900000, 0x00000000e5900000, 0x00000000e5a00000|  0%| F|  |TAMS 0x00000000e5900000, 0x00000000e5900000| Untracked 
|  90|0x00000000e5a00000, 0x00000000e5a00000, 0x00000000e5b00000|  0%| F|  |TAMS 0x00000000e5a00000, 0x00000000e5a00000| Untracked 
|  91|0x00000000e5b00000, 0x00000000e5b00000, 0x00000000e5c00000|  0%| F|  |TAMS 0x00000000e5b00000, 0x00000000e5b00000| Untracked 
|  92|0x00000000e5c00000, 0x00000000e5c00000, 0x00000000e5d00000|  0%| F|  |TAMS 0x00000000e5c00000, 0x00000000e5c00000| Untracked 
|  93|0x00000000e5d00000, 0x00000000e5d00000, 0x00000000e5e00000|  0%| F|  |TAMS 0x00000000e5d00000, 0x00000000e5d00000| Untracked 
|  94|0x00000000e5e00000, 0x00000000e5e00000, 0x00000000e5f00000|  0%| F|  |TAMS 0x00000000e5e00000, 0x00000000e5e00000| Untracked 
|  95|0x00000000e5f00000, 0x00000000e5f00000, 0x00000000e6000000|  0%| F|  |TAMS 0x00000000e5f00000, 0x00000000e5f00000| Untracked 
|  96|0x00000000e6000000, 0x00000000e6000000, 0x00000000e6100000|  0%| F|  |TAMS 0x00000000e6000000, 0x00000000e6000000| Untracked 
|  97|0x00000000e6100000, 0x00000000e6100000, 0x00000000e6200000|  0%| F|  |TAMS 0x00000000e6100000, 0x00000000e6100000| Untracked 
|  98|0x00000000e6200000, 0x00000000e6200000, 0x00000000e6300000|  0%| F|  |TAMS 0x00000000e6200000, 0x00000000e6200000| Untracked 
|  99|0x00000000e6300000, 0x00000000e6300000, 0x00000000e6400000|  0%| F|  |TAMS 0x00000000e6300000, 0x00000000e6300000| Untracked 
| 100|0x00000000e6400000, 0x00000000e6400000, 0x00000000e6500000|  0%| F|  |TAMS 0x00000000e6400000, 0x00000000e6400000| Untracked 
| 101|0x00000000e6500000, 0x00000000e6500000, 0x00000000e6600000|  0%| F|  |TAMS 0x00000000e6500000, 0x00000000e6500000| Untracked 
| 102|0x00000000e6600000, 0x00000000e6600000, 0x00000000e6700000|  0%| F|  |TAMS 0x00000000e6600000, 0x00000000e6600000| Untracked 
| 103|0x00000000e6700000, 0x00000000e6700000, 0x00000000e6800000|  0%| F|  |TAMS 0x00000000e6700000, 0x00000000e6700000| Untracked 
| 104|0x00000000e6800000, 0x00000000e6800000, 0x00000000e6900000|  0%| F|  |TAMS 0x00000000e6800000, 0x00000000e6800000| Untracked 
| 105|0x00000000e6900000, 0x00000000e6900000, 0x00000000e6a00000|  0%| F|  |TAMS 0x00000000e6900000, 0x00000000e6900000| Untracked 
| 106|0x00000000e6a00000, 0x00000000e6a00000, 0x00000000e6b00000|  0%| F|  |TAMS 0x00000000e6a00000, 0x00000000e6a00000| Untracked 
| 107|0x00000000e6b00000, 0x00000000e6b00000, 0x00000000e6c00000|  0%| F|  |TAMS 0x00000000e6b00000, 0x00000000e6b00000| Untracked 
| 108|0x00000000e6c00000, 0x00000000e6c00000, 0x00000000e6d00000|  0%| F|  |TAMS 0x00000000e6c00000, 0x00000000e6c00000| Untracked 
| 109|0x00000000e6d00000, 0x00000000e6d00000, 0x00000000e6e00000|  0%| F|  |TAMS 0x00000000e6d00000, 0x00000000e6d00000| Untracked 
| 110|0x00000000e6e00000, 0x00000000e6e00000, 0x00000000e6f00000|  0%| F|  |TAMS 0x00000000e6e00000, 0x00000000e6e00000| Untracked 
| 111|0x00000000e6f00000, 0x00000000e6f00000, 0x00000000e7000000|  0%| F|  |TAMS 0x00000000e6f00000, 0x00000000e6f00000| Untracked 
| 112|0x00000000e7000000, 0x00000000e7000000, 0x00000000e7100000|  0%| F|  |TAMS 0x00000000e7000000, 0x00000000e7000000| Untracked 
| 113|0x00000000e7100000, 0x00000000e7100000, 0x00000000e7200000|  0%| F|  |TAMS 0x00000000e7100000, 0x00000000e7100000| Untracked 
| 114|0x00000000e7200000, 0x00000000e7200000, 0x00000000e7300000|  0%| F|  |TAMS 0x00000000e7200000, 0x00000000e7200000| Untracked 
| 115|0x00000000e7300000, 0x00000000e7300000, 0x00000000e7400000|  0%| F|  |TAMS 0x00000000e7300000, 0x00000000e7300000| Untracked 
| 116|0x00000000e7400000, 0x00000000e7400000, 0x00000000e7500000|  0%| F|  |TAMS 0x00000000e7400000, 0x00000000e7400000| Untracked 
| 117|0x00000000e7500000, 0x00000000e7500000, 0x00000000e7600000|  0%| F|  |TAMS 0x00000000e7500000, 0x00000000e7500000| Untracked 
| 118|0x00000000e7600000, 0x00000000e7600000, 0x00000000e7700000|  0%| F|  |TAMS 0x00000000e7600000, 0x00000000e7600000| Untracked 
| 119|0x00000000e7700000, 0x00000000e7700000, 0x00000000e7800000|  0%| F|  |TAMS 0x00000000e7700000, 0x00000000e7700000| Untracked 
| 120|0x00000000e7800000, 0x00000000e7800000, 0x00000000e7900000|  0%| F|  |TAMS 0x00000000e7800000, 0x00000000e7800000| Untracked 
| 121|0x00000000e7900000, 0x00000000e7900000, 0x00000000e7a00000|  0%| F|  |TAMS 0x00000000e7900000, 0x00000000e7900000| Untracked 
| 122|0x00000000e7a00000, 0x00000000e7a00000, 0x00000000e7b00000|  0%| F|  |TAMS 0x00000000e7a00000, 0x00000000e7a00000| Untracked 
| 123|0x00000000e7b00000, 0x00000000e7b00000, 0x00000000e7c00000|  0%| F|  |TAMS 0x00000000e7b00000, 0x00000000e7b00000| Untracked 
| 124|0x00000000e7c00000, 0x00000000e7c00000, 0x00000000e7d00000|  0%| F|  |TAMS 0x00000000e7c00000, 0x00000000e7c00000| Untracked 
| 125|0x00000000e7d00000, 0x00000000e7d00000, 0x00000000e7e00000|  0%| F|  |TAMS 0x00000000e7d00000, 0x00000000e7d00000| Untracked 
| 126|0x00000000e7e00000, 0x00000000e7e00000, 0x00000000e7f00000|  0%| F|  |TAMS 0x00000000e7e00000, 0x00000000e7e00000| Untracked 
| 127|0x00000000e7f00000, 0x00000000e7f00000, 0x00000000e8000000|  0%| F|  |TAMS 0x00000000e7f00000, 0x00000000e7f00000| Untracked 
| 128|0x00000000e8000000, 0x00000000e8000000, 0x00000000e8100000|  0%| F|  |TAMS 0x00000000e8000000, 0x00000000e8000000| Untracked 
| 129|0x00000000e8100000, 0x00000000e8100000, 0x00000000e8200000|  0%| F|  |TAMS 0x00000000e8100000, 0x00000000e8100000| Untracked 
| 130|0x00000000e8200000, 0x00000000e8200000, 0x00000000e8300000|  0%| F|  |TAMS 0x00000000e8200000, 0x00000000e8200000| Untracked 
| 131|0x00000000e8300000, 0x00000000e8300000, 0x00000000e8400000|  0%| F|  |TAMS 0x00000000e8300000, 0x00000000e8300000| Untracked 
| 132|0x00000000e8400000, 0x00000000e8400000, 0x00000000e8500000|  0%| F|  |TAMS 0x00000000e8400000, 0x00000000e8400000| Untracked 
| 133|0x00000000e8500000, 0x00000000e8500000, 0x00000000e8600000|  0%| F|  |TAMS 0x00000000e8500000, 0x00000000e8500000| Untracked 
| 134|0x00000000e8600000, 0x00000000e8600000, 0x00000000e8700000|  0%| F|  |TAMS 0x00000000e8600000, 0x00000000e8600000| Untracked 
| 135|0x00000000e8700000, 0x00000000e8700000, 0x00000000e8800000|  0%| F|  |TAMS 0x00000000e8700000, 0x00000000e8700000| Untracked 
| 136|0x00000000e8800000, 0x00000000e8900000, 0x00000000e8900000|100%| E|  |TAMS 0x00000000e8800000, 0x00000000e8800000| Complete 
| 137|0x00000000e8900000, 0x00000000e8a00000, 0x00000000e8a00000|100%| E|CS|TAMS 0x00000000e8900000, 0x00000000e8900000| Complete 
| 138|0x00000000e8a00000, 0x00000000e8b00000, 0x00000000e8b00000|100%| E|CS|TAMS 0x00000000e8a00000, 0x00000000e8a00000| Complete 
| 139|0x00000000e8b00000, 0x00000000e8c00000, 0x00000000e8c00000|100%| E|CS|TAMS 0x00000000e8b00000, 0x00000000e8b00000| Complete 
| 140|0x00000000e8c00000, 0x00000000e8d00000, 0x00000000e8d00000|100%| E|CS|TAMS 0x00000000e8c00000, 0x00000000e8c00000| Complete 
| 141|0x00000000e8d00000, 0x00000000e8e00000, 0x00000000e8e00000|100%| E|CS|TAMS 0x00000000e8d00000, 0x00000000e8d00000| Complete 
| 142|0x00000000e8e00000, 0x00000000e8f00000, 0x00000000e8f00000|100%| E|CS|TAMS 0x00000000e8e00000, 0x00000000e8e00000| Complete 
| 143|0x00000000e8f00000, 0x00000000e9000000, 0x00000000e9000000|100%| E|CS|TAMS 0x00000000e8f00000, 0x00000000e8f00000| Complete 
| 144|0x00000000e9000000, 0x00000000e9100000, 0x00000000e9100000|100%| E|CS|TAMS 0x00000000e9000000, 0x00000000e9000000| Complete 
| 145|0x00000000e9100000, 0x00000000e9200000, 0x00000000e9200000|100%| E|CS|TAMS 0x00000000e9100000, 0x00000000e9100000| Complete 
| 146|0x00000000e9200000, 0x00000000e9300000, 0x00000000e9300000|100%| E|CS|TAMS 0x00000000e9200000, 0x00000000e9200000| Complete 
| 147|0x00000000e9300000, 0x00000000e9400000, 0x00000000e9400000|100%| E|CS|TAMS 0x00000000e9300000, 0x00000000e9300000| Complete 
| 148|0x00000000e9400000, 0x00000000e9500000, 0x00000000e9500000|100%| E|CS|TAMS 0x00000000e9400000, 0x00000000e9400000| Complete 
| 149|0x00000000e9500000, 0x00000000e9600000, 0x00000000e9600000|100%| E|CS|TAMS 0x00000000e9500000, 0x00000000e9500000| Complete 
| 150|0x00000000e9600000, 0x00000000e9700000, 0x00000000e9700000|100%| E|CS|TAMS 0x00000000e9600000, 0x00000000e9600000| Complete 
| 151|0x00000000e9700000, 0x00000000e9800000, 0x00000000e9800000|100%| E|CS|TAMS 0x00000000e9700000, 0x00000000e9700000| Complete 
| 152|0x00000000e9800000, 0x00000000e9900000, 0x00000000e9900000|100%| E|CS|TAMS 0x00000000e9800000, 0x00000000e9800000| Complete 
| 153|0x00000000e9900000, 0x00000000e9a00000, 0x00000000e9a00000|100%| E|CS|TAMS 0x00000000e9900000, 0x00000000e9900000| Complete 
| 154|0x00000000e9a00000, 0x00000000e9b00000, 0x00000000e9b00000|100%| E|CS|TAMS 0x00000000e9a00000, 0x00000000e9a00000| Complete 
| 155|0x00000000e9b00000, 0x00000000e9c00000, 0x00000000e9c00000|100%| E|CS|TAMS 0x00000000e9b00000, 0x00000000e9b00000| Complete 
| 156|0x00000000e9c00000, 0x00000000e9d00000, 0x00000000e9d00000|100%| E|CS|TAMS 0x00000000e9c00000, 0x00000000e9c00000| Complete 
| 157|0x00000000e9d00000, 0x00000000e9e00000, 0x00000000e9e00000|100%| E|CS|TAMS 0x00000000e9d00000, 0x00000000e9d00000| Complete 
| 158|0x00000000e9e00000, 0x00000000e9f00000, 0x00000000e9f00000|100%| E|CS|TAMS 0x00000000e9e00000, 0x00000000e9e00000| Complete 
| 159|0x00000000e9f00000, 0x00000000ea000000, 0x00000000ea000000|100%| E|CS|TAMS 0x00000000e9f00000, 0x00000000e9f00000| Complete 
| 160|0x00000000ea000000, 0x00000000ea100000, 0x00000000ea100000|100%| E|CS|TAMS 0x00000000ea000000, 0x00000000ea000000| Complete 
| 161|0x00000000ea100000, 0x00000000ea200000, 0x00000000ea200000|100%| E|CS|TAMS 0x00000000ea100000, 0x00000000ea100000| Complete 
| 162|0x00000000ea200000, 0x00000000ea300000, 0x00000000ea300000|100%| E|CS|TAMS 0x00000000ea200000, 0x00000000ea200000| Complete 
| 163|0x00000000ea300000, 0x00000000ea400000, 0x00000000ea400000|100%| E|CS|TAMS 0x00000000ea300000, 0x00000000ea300000| Complete 
| 164|0x00000000ea400000, 0x00000000ea500000, 0x00000000ea500000|100%| E|CS|TAMS 0x00000000ea400000, 0x00000000ea400000| Complete 
| 165|0x00000000ea500000, 0x00000000ea600000, 0x00000000ea600000|100%| E|CS|TAMS 0x00000000ea500000, 0x00000000ea500000| Complete 
| 166|0x00000000ea600000, 0x00000000ea700000, 0x00000000ea700000|100%| E|CS|TAMS 0x00000000ea600000, 0x00000000ea600000| Complete 
| 167|0x00000000ea700000, 0x00000000ea800000, 0x00000000ea800000|100%| E|CS|TAMS 0x00000000ea700000, 0x00000000ea700000| Complete 
| 168|0x00000000ea800000, 0x00000000ea900000, 0x00000000ea900000|100%| E|CS|TAMS 0x00000000ea800000, 0x00000000ea800000| Complete 
| 169|0x00000000ea900000, 0x00000000eaa00000, 0x00000000eaa00000|100%| E|CS|TAMS 0x00000000ea900000, 0x00000000ea900000| Complete 
| 170|0x00000000eaa00000, 0x00000000eab00000, 0x00000000eab00000|100%| E|CS|TAMS 0x00000000eaa00000, 0x00000000eaa00000| Complete 
| 171|0x00000000eab00000, 0x00000000eac00000, 0x00000000eac00000|100%| E|CS|TAMS 0x00000000eab00000, 0x00000000eab00000| Complete 
| 172|0x00000000eac00000, 0x00000000ead00000, 0x00000000ead00000|100%| E|CS|TAMS 0x00000000eac00000, 0x00000000eac00000| Complete 
| 173|0x00000000ead00000, 0x00000000eae00000, 0x00000000eae00000|100%| E|CS|TAMS 0x00000000ead00000, 0x00000000ead00000| Complete 
| 174|0x00000000eae00000, 0x00000000eaf00000, 0x00000000eaf00000|100%| E|CS|TAMS 0x00000000eae00000, 0x00000000eae00000| Complete 
| 175|0x00000000eaf00000, 0x00000000eb000000, 0x00000000eb000000|100%| E|CS|TAMS 0x00000000eaf00000, 0x00000000eaf00000| Complete 
| 176|0x00000000eb000000, 0x00000000eb100000, 0x00000000eb100000|100%| E|CS|TAMS 0x00000000eb000000, 0x00000000eb000000| Complete 
| 177|0x00000000eb100000, 0x00000000eb200000, 0x00000000eb200000|100%| E|CS|TAMS 0x00000000eb100000, 0x00000000eb100000| Complete 
| 178|0x00000000eb200000, 0x00000000eb300000, 0x00000000eb300000|100%| E|CS|TAMS 0x00000000eb200000, 0x00000000eb200000| Complete 
| 179|0x00000000eb300000, 0x00000000eb400000, 0x00000000eb400000|100%| E|CS|TAMS 0x00000000eb300000, 0x00000000eb300000| Complete 
| 180|0x00000000eb400000, 0x00000000eb500000, 0x00000000eb500000|100%| E|CS|TAMS 0x00000000eb400000, 0x00000000eb400000| Complete 
| 181|0x00000000eb500000, 0x00000000eb600000, 0x00000000eb600000|100%| E|CS|TAMS 0x00000000eb500000, 0x00000000eb500000| Complete 
| 182|0x00000000eb600000, 0x00000000eb700000, 0x00000000eb700000|100%| E|CS|TAMS 0x00000000eb600000, 0x00000000eb600000| Complete 
| 183|0x00000000eb700000, 0x00000000eb800000, 0x00000000eb800000|100%| E|CS|TAMS 0x00000000eb700000, 0x00000000eb700000| Complete 
| 184|0x00000000eb800000, 0x00000000eb900000, 0x00000000eb900000|100%| E|CS|TAMS 0x00000000eb800000, 0x00000000eb800000| Complete 
| 185|0x00000000eb900000, 0x00000000eba00000, 0x00000000eba00000|100%| E|CS|TAMS 0x00000000eb900000, 0x00000000eb900000| Complete 
| 186|0x00000000eba00000, 0x00000000ebb00000, 0x00000000ebb00000|100%| E|CS|TAMS 0x00000000eba00000, 0x00000000eba00000| Complete 
| 187|0x00000000ebb00000, 0x00000000ebc00000, 0x00000000ebc00000|100%| E|CS|TAMS 0x00000000ebb00000, 0x00000000ebb00000| Complete 
| 188|0x00000000ebc00000, 0x00000000ebd00000, 0x00000000ebd00000|100%| E|CS|TAMS 0x00000000ebc00000, 0x00000000ebc00000| Complete 
| 189|0x00000000ebd00000, 0x00000000ebe00000, 0x00000000ebe00000|100%| E|CS|TAMS 0x00000000ebd00000, 0x00000000ebd00000| Complete 
| 190|0x00000000ebe00000, 0x00000000ebf00000, 0x00000000ebf00000|100%| E|CS|TAMS 0x00000000ebe00000, 0x00000000ebe00000| Complete 
| 191|0x00000000ebf00000, 0x00000000ec000000, 0x00000000ec000000|100%| E|CS|TAMS 0x00000000ebf00000, 0x00000000ebf00000| Complete 
| 192|0x00000000ec000000, 0x00000000ec100000, 0x00000000ec100000|100%| E|CS|TAMS 0x00000000ec000000, 0x00000000ec000000| Complete 
| 193|0x00000000ec100000, 0x00000000ec200000, 0x00000000ec200000|100%| E|CS|TAMS 0x00000000ec100000, 0x00000000ec100000| Complete 
| 194|0x00000000ec200000, 0x00000000ec300000, 0x00000000ec300000|100%| E|CS|TAMS 0x00000000ec200000, 0x00000000ec200000| Complete 
| 195|0x00000000ec300000, 0x00000000ec400000, 0x00000000ec400000|100%| E|CS|TAMS 0x00000000ec300000, 0x00000000ec300000| Complete 
| 196|0x00000000ec400000, 0x00000000ec500000, 0x00000000ec500000|100%| E|CS|TAMS 0x00000000ec400000, 0x00000000ec400000| Complete 
| 197|0x00000000ec500000, 0x00000000ec600000, 0x00000000ec600000|100%| E|CS|TAMS 0x00000000ec500000, 0x00000000ec500000| Complete 
| 198|0x00000000ec600000, 0x00000000ec700000, 0x00000000ec700000|100%| E|CS|TAMS 0x00000000ec600000, 0x00000000ec600000| Complete 
| 199|0x00000000ec700000, 0x00000000ec800000, 0x00000000ec800000|100%| E|CS|TAMS 0x00000000ec700000, 0x00000000ec700000| Complete 
| 200|0x00000000ec800000, 0x00000000ec900000, 0x00000000ec900000|100%| E|CS|TAMS 0x00000000ec800000, 0x00000000ec800000| Complete 
| 201|0x00000000ec900000, 0x00000000eca00000, 0x00000000eca00000|100%| E|CS|TAMS 0x00000000ec900000, 0x00000000ec900000| Complete 
| 202|0x00000000eca00000, 0x00000000ecb00000, 0x00000000ecb00000|100%| E|CS|TAMS 0x00000000eca00000, 0x00000000eca00000| Complete 
| 203|0x00000000ecb00000, 0x00000000ecc00000, 0x00000000ecc00000|100%| E|CS|TAMS 0x00000000ecb00000, 0x00000000ecb00000| Complete 
| 204|0x00000000ecc00000, 0x00000000ecd00000, 0x00000000ecd00000|100%| E|CS|TAMS 0x00000000ecc00000, 0x00000000ecc00000| Complete 
| 205|0x00000000ecd00000, 0x00000000ece00000, 0x00000000ece00000|100%| E|CS|TAMS 0x00000000ecd00000, 0x00000000ecd00000| Complete 
| 206|0x00000000ece00000, 0x00000000ecf00000, 0x00000000ecf00000|100%| E|CS|TAMS 0x00000000ece00000, 0x00000000ece00000| Complete 
| 207|0x00000000ecf00000, 0x00000000ed000000, 0x00000000ed000000|100%| E|CS|TAMS 0x00000000ecf00000, 0x00000000ecf00000| Complete 
| 208|0x00000000ed000000, 0x00000000ed100000, 0x00000000ed100000|100%| E|CS|TAMS 0x00000000ed000000, 0x00000000ed000000| Complete 
| 209|0x00000000ed100000, 0x00000000ed200000, 0x00000000ed200000|100%| E|CS|TAMS 0x00000000ed100000, 0x00000000ed100000| Complete 
| 210|0x00000000ed200000, 0x00000000ed300000, 0x00000000ed300000|100%| E|CS|TAMS 0x00000000ed200000, 0x00000000ed200000| Complete 
| 211|0x00000000ed300000, 0x00000000ed400000, 0x00000000ed400000|100%| E|CS|TAMS 0x00000000ed300000, 0x00000000ed300000| Complete 
| 212|0x00000000ed400000, 0x00000000ed4c77b8, 0x00000000ed500000| 77%| S|CS|TAMS 0x00000000ed400000, 0x00000000ed400000| Complete 
| 213|0x00000000ed500000, 0x00000000ed600000, 0x00000000ed600000|100%| S|CS|TAMS 0x00000000ed500000, 0x00000000ed500000| Complete 
| 214|0x00000000ed600000, 0x00000000ed700000, 0x00000000ed700000|100%| S|CS|TAMS 0x00000000ed600000, 0x00000000ed600000| Complete 
| 215|0x00000000ed700000, 0x00000000ed800000, 0x00000000ed800000|100%| S|CS|TAMS 0x00000000ed700000, 0x00000000ed700000| Complete 
| 216|0x00000000ed800000, 0x00000000ed900000, 0x00000000ed900000|100%| S|CS|TAMS 0x00000000ed800000, 0x00000000ed800000| Complete 
| 217|0x00000000ed900000, 0x00000000eda00000, 0x00000000eda00000|100%| S|CS|TAMS 0x00000000ed900000, 0x00000000ed900000| Complete 
| 218|0x00000000eda00000, 0x00000000edb00000, 0x00000000edb00000|100%| S|CS|TAMS 0x00000000eda00000, 0x00000000eda00000| Complete 
| 219|0x00000000edb00000, 0x00000000edc00000, 0x00000000edc00000|100%| S|CS|TAMS 0x00000000edb00000, 0x00000000edb00000| Complete 
| 220|0x00000000edc00000, 0x00000000edd00000, 0x00000000edd00000|100%| S|CS|TAMS 0x00000000edc00000, 0x00000000edc00000| Complete 
| 221|0x00000000edd00000, 0x00000000ede00000, 0x00000000ede00000|100%| E|CS|TAMS 0x00000000edd00000, 0x00000000edd00000| Complete 
| 222|0x00000000ede00000, 0x00000000edf00000, 0x00000000edf00000|100%| E|CS|TAMS 0x00000000ede00000, 0x00000000ede00000| Complete 
| 223|0x00000000edf00000, 0x00000000ee000000, 0x00000000ee000000|100%| E|CS|TAMS 0x00000000edf00000, 0x00000000edf00000| Complete 
| 224|0x00000000ee000000, 0x00000000ee100000, 0x00000000ee100000|100%| E|CS|TAMS 0x00000000ee000000, 0x00000000ee000000| Complete 
| 225|0x00000000ee100000, 0x00000000ee200000, 0x00000000ee200000|100%| E|CS|TAMS 0x00000000ee100000, 0x00000000ee100000| Complete 
| 226|0x00000000ee200000, 0x00000000ee300000, 0x00000000ee300000|100%| E|CS|TAMS 0x00000000ee200000, 0x00000000ee200000| Complete 
| 227|0x00000000ee300000, 0x00000000ee400000, 0x00000000ee400000|100%| E|CS|TAMS 0x00000000ee300000, 0x00000000ee300000| Complete 
| 228|0x00000000ee400000, 0x00000000ee500000, 0x00000000ee500000|100%| E|CS|TAMS 0x00000000ee400000, 0x00000000ee400000| Complete 
| 229|0x00000000ee500000, 0x00000000ee600000, 0x00000000ee600000|100%| E|CS|TAMS 0x00000000ee500000, 0x00000000ee500000| Complete 
| 230|0x00000000ee600000, 0x00000000ee700000, 0x00000000ee700000|100%| E|CS|TAMS 0x00000000ee600000, 0x00000000ee600000| Complete 
| 231|0x00000000ee700000, 0x00000000ee800000, 0x00000000ee800000|100%| E|CS|TAMS 0x00000000ee700000, 0x00000000ee700000| Complete 
| 232|0x00000000ee800000, 0x00000000ee900000, 0x00000000ee900000|100%| E|CS|TAMS 0x00000000ee800000, 0x00000000ee800000| Complete 
| 233|0x00000000ee900000, 0x00000000eea00000, 0x00000000eea00000|100%| E|CS|TAMS 0x00000000ee900000, 0x00000000ee900000| Complete 
| 234|0x00000000eea00000, 0x00000000eeb00000, 0x00000000eeb00000|100%| E|CS|TAMS 0x00000000eea00000, 0x00000000eea00000| Complete 
| 235|0x00000000eeb00000, 0x00000000eec00000, 0x00000000eec00000|100%| E|CS|TAMS 0x00000000eeb00000, 0x00000000eeb00000| Complete 
| 236|0x00000000eec00000, 0x00000000eed00000, 0x00000000eed00000|100%| E|CS|TAMS 0x00000000eec00000, 0x00000000eec00000| Complete 
| 237|0x00000000eed00000, 0x00000000eee00000, 0x00000000eee00000|100%| E|CS|TAMS 0x00000000eed00000, 0x00000000eed00000| Complete 
| 238|0x00000000eee00000, 0x00000000eef00000, 0x00000000eef00000|100%| E|CS|TAMS 0x00000000eee00000, 0x00000000eee00000| Complete 
| 239|0x00000000eef00000, 0x00000000ef000000, 0x00000000ef000000|100%| E|CS|TAMS 0x00000000eef00000, 0x00000000eef00000| Complete 
| 240|0x00000000ef000000, 0x00000000ef100000, 0x00000000ef100000|100%| E|CS|TAMS 0x00000000ef000000, 0x00000000ef000000| Complete 
| 241|0x00000000ef100000, 0x00000000ef200000, 0x00000000ef200000|100%| E|CS|TAMS 0x00000000ef100000, 0x00000000ef100000| Complete 
| 242|0x00000000ef200000, 0x00000000ef300000, 0x00000000ef300000|100%| E|CS|TAMS 0x00000000ef200000, 0x00000000ef200000| Complete 
| 243|0x00000000ef300000, 0x00000000ef400000, 0x00000000ef400000|100%| E|CS|TAMS 0x00000000ef300000, 0x00000000ef300000| Complete 
| 244|0x00000000ef400000, 0x00000000ef500000, 0x00000000ef500000|100%| E|CS|TAMS 0x00000000ef400000, 0x00000000ef400000| Complete 
| 245|0x00000000ef500000, 0x00000000ef600000, 0x00000000ef600000|100%| E|CS|TAMS 0x00000000ef500000, 0x00000000ef500000| Complete 
| 246|0x00000000ef600000, 0x00000000ef700000, 0x00000000ef700000|100%| E|CS|TAMS 0x00000000ef600000, 0x00000000ef600000| Complete 
| 247|0x00000000ef700000, 0x00000000ef800000, 0x00000000ef800000|100%| E|CS|TAMS 0x00000000ef700000, 0x00000000ef700000| Complete 
| 248|0x00000000ef800000, 0x00000000ef900000, 0x00000000ef900000|100%| E|CS|TAMS 0x00000000ef800000, 0x00000000ef800000| Complete 
| 249|0x00000000ef900000, 0x00000000efa00000, 0x00000000efa00000|100%| E|CS|TAMS 0x00000000ef900000, 0x00000000ef900000| Complete 
| 250|0x00000000efa00000, 0x00000000efb00000, 0x00000000efb00000|100%| E|CS|TAMS 0x00000000efa00000, 0x00000000efa00000| Complete 
| 251|0x00000000efb00000, 0x00000000efc00000, 0x00000000efc00000|100%| E|CS|TAMS 0x00000000efb00000, 0x00000000efb00000| Complete 

Card table byte_map: [0x000002113e490000,0x000002113e590000] _byte_map_base: 0x000002113dd90000

Marking Bits (Prev, Next): (CMBitMap*) 0x0000021127770370, (CMBitMap*) 0x0000021127770338
 Prev Bits: [0x000002113ee90000, 0x000002113f690000)
 Next Bits: [0x000002113e690000, 0x000002113ee90000)

Polling page: 0x00000211256d0000

Metaspace:

Usage:
  Non-class:     55.65 MB capacity,    54.69 MB ( 98%) used,   780.13 KB (  1%) free+waste,   201.38 KB ( <1%) overhead. 
      Class:      8.96 MB capacity,     8.26 MB ( 92%) used,   620.95 KB (  7%) free+waste,   100.88 KB (  1%) overhead. 
       Both:     64.61 MB capacity,    62.95 MB ( 97%) used,     1.37 MB (  2%) free+waste,   302.25 KB ( <1%) overhead. 

Virtual space:
  Non-class space:       56.00 MB reserved,      55.67 MB (>99%) committed 
      Class space:        1.00 GB reserved,       8.98 MB ( <1%) committed 
             Both:        1.05 GB reserved,      64.65 MB (  6%) committed 

Chunk freelists:
   Non-Class:  2.88 KB
       Class:  1.12 KB
        Both:  4.00 KB

CodeHeap 'non-profiled nmethods': size=120000Kb used=3247Kb max_used=3247Kb free=116753Kb
 bounds [0x0000021136900000, 0x0000021136c30000, 0x000002113de30000]
CodeHeap 'profiled nmethods': size=120000Kb used=11998Kb max_used=11998Kb free=108001Kb
 bounds [0x000002112f3d0000, 0x000002112ff90000, 0x0000021136900000]
CodeHeap 'non-nmethods': size=5760Kb used=1237Kb max_used=1290Kb free=4522Kb
 bounds [0x000002112ee30000, 0x000002112f0a0000, 0x000002112f3d0000]
 total_blobs=5716 nmethods=5101 adapters=526
 compilation: enabled
              stopped_count=0, restarted_count=0
 full_count=0

Compilation events (10 events):
Event: 5.142 Thread 0x0000021142bee000 nmethod 5103 0x000002112ff78510 code [0x000002112ff786c0, 0x000002112ff78838]
Event: 5.142 Thread 0x0000021142bee000 5106       2       org.springframework.core.MethodParameter::getNestedParameterType (122 bytes)
Event: 5.142 Thread 0x0000021142bee000 nmethod 5106 0x000002112ff78910 code [0x000002112ff78b60, 0x000002112ff79208]
Event: 5.142 Thread 0x0000021142bee000 5104       2       org.springframework.aop.framework.autoproxy.ProxyCreationContext::setCurrentProxiedBeanName (21 bytes)
Event: 5.142 Thread 0x0000021142bee000 nmethod 5104 0x000002112ff79510 code [0x000002112ff796e0, 0x000002112ff79988]
Event: 5.142 Thread 0x0000021142bee000 5105       1       java.lang.reflect.Parameter::getRealName (5 bytes)
Event: 5.142 Thread 0x0000021142bee000 nmethod 5105 0x0000021136c19810 code [0x0000021136c199a0, 0x0000021136c19a58]
Event: 5.145 Thread 0x0000021142bee000 5107 % !   3       java.util.concurrent.ConcurrentHashMap::transfer @ 96 (828 bytes)
Event: 5.147 Thread 0x0000021142bee000 nmethod 5107% 0x000002112ff79b90 code [0x000002112ff7a000, 0x000002112ff7d4a8]
Event: 5.157 Thread 0x0000021142bee000 5108       2       java.util.regex.Matcher::search (154 bytes)

GC Heap History (10 events):
Event: 0.951 GC heap before
{Heap before GC invocations=2 (full 0):
 garbage-first heap   total 258048K, used 30425K [0x00000000e0000000, 0x0000000100000000)
  region size 1024K, 22 young (22528K), 1 survivors (1024K)
 Metaspace       used 20499K, capacity 21175K, committed 21296K, reserved 1069056K
  class space    used 2350K, capacity 2629K, committed 2688K, reserved 1048576K
}
Event: 0.953 GC heap after
{Heap after GC invocations=3 (full 0):
 garbage-first heap   total 258048K, used 10689K [0x00000000e0000000, 0x0000000100000000)
  region size 1024K, 2 young (2048K), 2 survivors (2048K)
 Metaspace       used 20499K, capacity 21175K, committed 21296K, reserved 1069056K
  class space    used 2350K, capacity 2629K, committed 2688K, reserved 1048576K
}
Event: 1.366 GC heap before
{Heap before GC invocations=4 (full 0):
 garbage-first heap   total 258048K, used 68033K [0x00000000e0000000, 0x0000000100000000)
  region size 1024K, 59 young (60416K), 2 survivors (2048K)
 Metaspace       used 28974K, capacity 29969K, committed 30256K, reserved 1075200K
  class space    used 3469K, capacity 3871K, committed 3968K, reserved 1048576K
}
Event: 1.369 GC heap after
{Heap after GC invocations=5 (full 0):
 garbage-first heap   total 258048K, used 12554K [0x00000000e0000000, 0x0000000100000000)
  region size 1024K, 4 young (4096K), 4 survivors (4096K)
 Metaspace       used 28974K, capacity 29969K, committed 30256K, reserved 1075200K
  class space    used 3469K, capacity 3871K, committed 3968K, reserved 1048576K
}
Event: 1.931 GC heap before
{Heap before GC invocations=5 (full 0):
 garbage-first heap   total 258048K, used 83210K [0x00000000e0000000, 0x0000000100000000)
  region size 1024K, 74 young (75776K), 4 survivors (4096K)
 Metaspace       used 34768K, capacity 35846K, committed 35888K, reserved 1081344K
  class space    used 4245K, capacity 4721K, committed 4736K, reserved 1048576K
}
Event: 1.936 GC heap after
{Heap after GC invocations=6 (full 0):
 garbage-first heap   total 258048K, used 15104K [0x00000000e0000000, 0x0000000100000000)
  region size 1024K, 6 young (6144K), 6 survivors (6144K)
 Metaspace       used 34768K, capacity 35846K, committed 35888K, reserved 1081344K
  class space    used 4245K, capacity 4721K, committed 4736K, reserved 1048576K
}
Event: 3.826 GC heap before
{Heap before GC invocations=7 (full 0):
 garbage-first heap   total 258048K, used 133888K [0x00000000e0000000, 0x0000000100000000)
  region size 1024K, 122 young (124928K), 6 survivors (6144K)
 Metaspace       used 54145K, capacity 55626K, committed 55964K, reserved 1097728K
  class space    used 6933K, capacity 7565K, committed 7660K, reserved 1048576K
}
Event: 3.833 GC heap after
{Heap after GC invocations=8 (full 0):
 garbage-first heap   total 258048K, used 22255K [0x00000000e0000000, 0x0000000100000000)
  region size 1024K, 13 young (13312K), 13 survivors (13312K)
 Metaspace       used 54145K, capacity 55626K, committed 55964K, reserved 1097728K
  class space    used 6933K, capacity 7565K, committed 7660K, reserved 1048576K
}
Event: 4.327 GC heap before
{Heap before GC invocations=8 (full 0):
 garbage-first heap   total 258048K, used 52975K [0x00000000e0000000, 0x0000000100000000)
  region size 1024K, 44 young (45056K), 13 survivors (13312K)
 Metaspace       used 58702K, capacity 60154K, committed 60316K, reserved 1101824K
  class space    used 7660K, capacity 8301K, committed 8428K, reserved 1048576K
}
Event: 4.336 GC heap after
{Heap after GC invocations=9 (full 0):
 garbage-first heap   total 258048K, used 23658K [0x00000000e0000000, 0x0000000100000000)
  region size 1024K, 9 young (9216K), 9 survivors (9216K)
 Metaspace       used 58702K, capacity 60154K, committed 60316K, reserved 1101824K
  class space    used 7660K, capacity 8301K, committed 8428K, reserved 1048576K
}

Deoptimization events (10 events):
Event: 4.632 Thread 0x0000021127751000 Uncommon trap: reason=unstable_if action=reinterpret pc=0x0000021136a735ac method=org.springframework.core.ResolvableType.resolveClass()Ljava/lang/Class; @ 37 c2
Event: 4.793 Thread 0x0000021127751000 Uncommon trap: reason=loop_limit_check action=maybe_recompile pc=0x0000021136b813c4 method=java.util.regex.Pattern$Start.match(Ljava/util/regex/Matcher;ILjava/lang/CharSequence;)Z @ 34 c2
Event: 4.845 Thread 0x0000021127751000 Uncommon trap: reason=unstable_if action=reinterpret pc=0x0000021136ad6c90 method=java.util.concurrent.ConcurrentHashMap.putVal(Ljava/lang/Object;Ljava/lang/Object;Z)Ljava/lang/Object; @ 401 c2
Event: 4.999 Thread 0x0000021127751000 Uncommon trap: reason=unstable_if action=reinterpret pc=0x0000021136b70b18 method=java.util.regex.Matcher.reset()Ljava/util/regex/Matcher; @ 71 c2
Event: 5.011 Thread 0x0000021127751000 Uncommon trap: reason=unstable_if action=reinterpret pc=0x0000021136bbbcc4 method=org.springframework.core.annotation.TypeMappedAnnotations$MergedAnnotationFinder.process(Ljava/lang/Object;ILjava/lang/Object;Ljava/lang/annotation/Annotation;)Lorg/springfr
Event: 5.025 Thread 0x0000021127751000 Uncommon trap: reason=unstable_if action=reinterpret pc=0x0000021136b869ec method=org.springframework.core.annotation.AnnotationsScanner.isWithoutHierarchy(Ljava/lang/reflect/AnnotatedElement;Lorg/springframework/core/annotation/MergedAnnotations$SearchSt
Event: 5.127 Thread 0x0000021127751000 Uncommon trap: reason=unstable_if action=reinterpret pc=0x0000021136a44ad8 method=java.util.concurrent.ConcurrentHashMap.transfer([Ljava/util/concurrent/ConcurrentHashMap$Node;[Ljava/util/concurrent/ConcurrentHashMap$Node;)V @ 352 c2
Event: 5.128 Thread 0x0000021127751000 Uncommon trap: reason=unstable_if action=reinterpret pc=0x0000021136981a3c method=java.util.concurrent.ConcurrentHashMap.transfer([Ljava/util/concurrent/ConcurrentHashMap$Node;[Ljava/util/concurrent/ConcurrentHashMap$Node;)V @ 352 c2
Event: 5.134 Thread 0x0000021127751000 Uncommon trap: reason=unstable_if action=reinterpret pc=0x0000021136ac5fa0 method=org.springframework.beans.factory.support.DefaultSingletonBeanRegistry.getSingleton(Ljava/lang/String;Z)Ljava/lang/Object; @ 39 c2
Event: 5.134 Thread 0x0000021127751000 Uncommon trap: reason=unstable_if action=reinterpret pc=0x0000021136af4164 method=java.util.Collections$SetFromMap.add(Ljava/lang/Object;)Z @ 13 c2

Classes redefined (0 events):
No events

Internal exceptions (10 events):
Event: 5.132 Thread 0x0000021127751000 Exception <a 'java/lang/ClassNotFoundException'{0x00000000e8f3a180}: org/springframework/web/context/ServletContextAwareCustomizer> (0x00000000e8f3a180) thrown at [./open/src/hotspot/share/classfile/systemDictionary.cpp, line 226]
Event: 5.133 Thread 0x0000021127751000 Exception <a 'java/lang/ClassNotFoundException'{0x00000000e8f4d968}: org/springframework/beans/factory/AwareCustomizer> (0x00000000e8f4d968) thrown at [./open/src/hotspot/share/classfile/systemDictionary.cpp, line 226]
Event: 5.133 Thread 0x0000021127751000 Exception <a 'java/lang/ClassNotFoundException'{0x00000000e8f621c8}: org/springframework/context/ApplicationContextAwareCustomizer> (0x00000000e8f621c8) thrown at [./open/src/hotspot/share/classfile/systemDictionary.cpp, line 226]
Event: 5.133 Thread 0x0000021127751000 Exception <a 'java/lang/ClassNotFoundException'{0x00000000e8f75ed8}: org/springframework/beans/factory/AwareCustomizer> (0x00000000e8f75ed8) thrown at [./open/src/hotspot/share/classfile/systemDictionary.cpp, line 226]
Event: 5.134 Thread 0x0000021127751000 Exception <a 'java/lang/ClassNotFoundException'{0x00000000e8f864f8}: java/lang/ObjectCustomizer> (0x00000000e8f864f8) thrown at [./open/src/hotspot/share/classfile/systemDictionary.cpp, line 226]
Event: 5.135 Thread 0x0000021127751000 Exception <a 'java/lang/ClassNotFoundException'{0x00000000e8facba8}: org/springframework/boot/autoconfigure/thymeleaf/ThymeleafAutoConfiguration$ThymeleafWebMvcConfiguration$ThymeleafViewResolverConfigurationCustomizer> (0x00000000e8facba8) thrown at [./o
Event: 5.136 Thread 0x0000021127751000 Exception <a 'java/lang/ClassNotFoundException'{0x00000000e8fb8c30}: java/lang/ObjectCustomizer> (0x00000000e8fb8c30) thrown at [./open/src/hotspot/share/classfile/systemDictionary.cpp, line 226]
Event: 5.137 Thread 0x0000021127751000 Exception <a 'java/lang/ClassNotFoundException'{0x00000000e8fd3c10}: org/springframework/boot/autoconfigure/thymeleaf/ThymeleafPropertiesCustomizer> (0x00000000e8fd3c10) thrown at [./open/src/hotspot/share/classfile/systemDictionary.cpp, line 226]
Event: 5.141 Thread 0x0000021127751000 Exception <a 'java/lang/ClassNotFoundException'{0x00000000e8e558f0}: java/lang/ObjectCustomizer> (0x00000000e8e558f0) thrown at [./open/src/hotspot/share/classfile/systemDictionary.cpp, line 226]
Event: 5.141 Thread 0x0000021127751000 Exception <a 'java/lang/ClassNotFoundException'{0x00000000e8e77b98}: org/springframework/boot/autoconfigure/thymeleaf/TemplateEngineConfigurations$DefaultTemplateEngineConfigurationCustomizer> (0x00000000e8e77b98) thrown at [./open/src/hotspot/share/class

Events (10 events):
Event: 5.155 loading class org/springframework/core/SpringVersion
Event: 5.155 loading class org/springframework/core/SpringVersion done
Event: 5.155 loading class org/thymeleaf/util/VersionUtils
Event: 5.155 loading class org/thymeleaf/util/VersionUtils done
Event: 5.155 loading class org/thymeleaf/util/VersionUtils$VersionSpec
Event: 5.155 loading class org/thymeleaf/util/VersionUtils$VersionSpec done
Event: 5.156 loading class org/thymeleaf/util/Validate
Event: 5.156 loading class org/thymeleaf/util/Validate done
Event: 5.157 loading class org/thymeleaf/util/ClassLoaderUtils
Event: 5.157 loading class org/thymeleaf/util/ClassLoaderUtils done


Dynamic libraries:
0x00007ff655620000 - 0x00007ff655630000 	C:\Program Files\Java\jdk-11\bin\java.exe
0x00007ffd56050000 - 0x00007ffd56267000 	C:\windows\SYSTEM32\ntdll.dll
0x00007ffd549a0000 - 0x00007ffd54a64000 	C:\windows\System32\KERNEL32.DLL
0x00007ffd53370000 - 0x00007ffd5371d000 	C:\windows\System32\KERNELBASE.dll
0x00007ffd53a50000 - 0x00007ffd53b61000 	C:\windows\System32\ucrtbase.dll
0x00007ffd4f5e0000 - 0x00007ffd4f5fb000 	C:\Program Files\Java\jdk-11\bin\VCRUNTIME140.dll
0x00007ffd4f600000 - 0x00007ffd4f619000 	C:\Program Files\Java\jdk-11\bin\jli.dll
0x00007ffd542b0000 - 0x00007ffd54362000 	C:\windows\System32\ADVAPI32.dll
0x00007ffd53e80000 - 0x00007ffd53f27000 	C:\windows\System32\msvcrt.dll
0x00007ffd53f30000 - 0x00007ffd53fd9000 	C:\windows\System32\sechost.dll
0x00007ffd53b70000 - 0x00007ffd53b98000 	C:\windows\System32\bcrypt.dll
0x00007ffd55db0000 - 0x00007ffd55ec4000 	C:\windows\System32\RPCRT4.dll
0x00007ffd55a90000 - 0x00007ffd55c3e000 	C:\windows\System32\USER32.dll
0x00007ffd53d50000 - 0x00007ffd53d76000 	C:\windows\System32\win32u.dll
0x00007ffd36420000 - 0x00007ffd366b3000 	C:\windows\WinSxS\amd64_microsoft.windows.common-controls_6595b64144ccf1df_6.0.22621.3672_none_2713b9d173822955\COMCTL32.dll
0x00007ffd540c0000 - 0x00007ffd540e9000 	C:\windows\System32\GDI32.dll
0x00007ffd53890000 - 0x00007ffd539a9000 	C:\windows\System32\gdi32full.dll
0x00007ffd539b0000 - 0x00007ffd53a4a000 	C:\windows\System32\msvcp_win.dll
0x00007ffd406c0000 - 0x00007ffd406ca000 	C:\windows\SYSTEM32\VERSION.dll
0x00007ffd548e0000 - 0x00007ffd54911000 	C:\windows\System32\IMM32.DLL
0x00007ffd4fd30000 - 0x00007ffd4fd3c000 	C:\Program Files\Java\jdk-11\bin\vcruntime140_1.dll
0x00007ffd4f550000 - 0x00007ffd4f5de000 	C:\Program Files\Java\jdk-11\bin\msvcp140.dll
0x00007ffd19980000 - 0x00007ffd1a4de000 	C:\Program Files\Java\jdk-11\bin\server\jvm.dll
0x00007ffd55100000 - 0x00007ffd55108000 	C:\windows\System32\PSAPI.DLL
0x00007ffd3e950000 - 0x00007ffd3e984000 	C:\windows\SYSTEM32\WINMM.dll
0x00007ffd3ae10000 - 0x00007ffd3ae19000 	C:\windows\SYSTEM32\WSOCK32.dll
0x00007ffd55f90000 - 0x00007ffd56001000 	C:\windows\System32\WS2_32.dll
0x00007ffd523f0000 - 0x00007ffd52408000 	C:\windows\SYSTEM32\kernel.appcore.dll
0x00007ffd4f540000 - 0x00007ffd4f550000 	C:\Program Files\Java\jdk-11\bin\verify.dll
0x00007ffd3d080000 - 0x00007ffd3d2b2000 	C:\windows\SYSTEM32\DBGHELP.DLL
0x00007ffd54530000 - 0x00007ffd548bd000 	C:\windows\System32\combase.dll
0x00007ffd53fe0000 - 0x00007ffd540b7000 	C:\windows\System32\OLEAUT32.dll
0x00007ffd3ce10000 - 0x00007ffd3ce42000 	C:\windows\SYSTEM32\dbgcore.DLL
0x00007ffd53cd0000 - 0x00007ffd53d4b000 	C:\windows\System32\bcryptPrimitives.dll
0x00007ffd4f510000 - 0x00007ffd4f538000 	C:\Program Files\Java\jdk-11\bin\java.dll
0x00007ffd4f500000 - 0x00007ffd4f50a000 	C:\Program Files\Java\jdk-11\bin\jimage.dll
0x00007ffd4f4e0000 - 0x00007ffd4f4f7000 	C:\Program Files\Java\jdk-11\bin\zip.dll
0x00007ffd55200000 - 0x00007ffd55a68000 	C:\windows\System32\SHELL32.dll
0x00007ffd51270000 - 0x00007ffd51b6e000 	C:\windows\SYSTEM32\windows.storage.dll
0x00007ffd51130000 - 0x00007ffd5126f000 	C:\windows\SYSTEM32\wintypes.dll
0x00007ffd53d80000 - 0x00007ffd53e79000 	C:\windows\System32\SHCORE.dll
0x00007ffd550a0000 - 0x00007ffd550fe000 	C:\windows\System32\shlwapi.dll
0x00007ffd532a0000 - 0x00007ffd532c1000 	C:\windows\SYSTEM32\profapi.dll
0x00007ffd4dbf0000 - 0x00007ffd4dc09000 	C:\Program Files\Java\jdk-11\bin\net.dll
0x00007ffd4fd50000 - 0x00007ffd4fe86000 	C:\windows\SYSTEM32\WINHTTP.dll
0x00007ffd528b0000 - 0x00007ffd52919000 	C:\windows\system32\mswsock.dll
0x00007ffd4d1f0000 - 0x00007ffd4d202000 	C:\Program Files\Java\jdk-11\bin\nio.dll
0x00007ffd52c00000 - 0x00007ffd52c1b000 	C:\windows\SYSTEM32\CRYPTSP.dll
0x00007ffd523b0000 - 0x00007ffd523e5000 	C:\windows\system32\rsaenh.dll
0x00007ffd52950000 - 0x00007ffd52978000 	C:\windows\SYSTEM32\USERENV.dll
0x00007ffd52be0000 - 0x00007ffd52bec000 	C:\windows\SYSTEM32\CRYPTBASE.dll
0x00007ffd51dd0000 - 0x00007ffd51dfd000 	C:\windows\SYSTEM32\IPHLPAPI.DLL
0x00007ffd54520000 - 0x00007ffd54529000 	C:\windows\System32\NSI.dll
0x00007ffd4f4b0000 - 0x00007ffd4f4c9000 	C:\windows\SYSTEM32\dhcpcsvc6.DLL
0x00007ffd4f230000 - 0x00007ffd4f24f000 	C:\windows\SYSTEM32\dhcpcsvc.DLL
0x00007ffd51e40000 - 0x00007ffd51f38000 	C:\windows\SYSTEM32\DNSAPI.dll
0x00007ffd4f4d0000 - 0x00007ffd4f4d9000 	C:\Program Files\Java\jdk-11\bin\management.dll
0x00007ffd4de60000 - 0x00007ffd4de6b000 	C:\Program Files\Java\jdk-11\bin\management_ext.dll
0x00007ffd379a0000 - 0x00007ffd379b7000 	C:\windows\system32\napinsp.dll
0x00007ffd37980000 - 0x00007ffd3799b000 	C:\windows\system32\pnrpnsp.dll
0x00007ffd37890000 - 0x00007ffd378a1000 	C:\windows\System32\winrnr.dll
0x00007ffd37810000 - 0x00007ffd37825000 	C:\windows\system32\wshbth.dll
0x00007ffd37950000 - 0x00007ffd37977000 	C:\windows\system32\nlansp_c.dll
0x00007ffd491a0000 - 0x00007ffd491aa000 	C:\Windows\System32\rasadhlp.dll
0x00007ffd4d750000 - 0x00007ffd4d7d3000 	C:\windows\System32\fwpuclnt.dll
0x00007ffd4c680000 - 0x00007ffd4c6a7000 	C:\Program Files\Java\jdk-11\bin\sunec.dll
0x00007ffd4dbe0000 - 0x00007ffd4dbee000 	C:\Program Files\Java\jdk-11\bin\sunmscapi.dll
0x00007ffd53720000 - 0x00007ffd53887000 	C:\windows\System32\CRYPT32.dll
0x00007ffd52d20000 - 0x00007ffd52d4e000 	C:\windows\SYSTEM32\ncrypt.dll
0x00007ffd52ce0000 - 0x00007ffd52d17000 	C:\windows\SYSTEM32\NTASN1.dll

dbghelp: loaded successfully - version: 4.0.5 - missing functions: none
symbol engine: initialized successfully - sym options: 0x614 - pdb path: .;C:\Program Files\Java\jdk-11\bin;C:\windows\SYSTEM32;C:\windows\WinSxS\amd64_microsoft.windows.common-controls_6595b64144ccf1df_6.0.22621.3672_none_2713b9d173822955;C:\Program Files\Java\jdk-11\bin\server

VM Arguments:
jvm_args: -Dorg.gradle.internal.worker.tmpdir=C:\Users\user\Desktop\course\Intelij\workspace\BootJpa\build\tmp\test\work -Xmx512m -Dfile.encoding=x-windows-949 -Duser.country=US -Duser.language=en -Duser.variant -ea 
java_command: worker.org.gradle.process.internal.worker.GradleWorkerMain 'Gradle Test Executor 1'
java_class_path (initial): C:\\Users\\user\\.gradle\\caches\\8.8\\workerMain\\gradle-worker.jar;C:\\Users\\user\\Desktop\\course\\Intelij\\workspace\\BootJpa\\build\\classes\\java\\test;C:\\Users\\user\\Desktop\\course\\Intelij\\workspace\\BootJpa\\build\\classes\\java\\main;C:\\Users\\user\\Desktop\\course\\Intelij\\workspace\\BootJpa\\build\\resources\\main;C:\\Users\\user\\.gradle\\caches\\modules-2\\files-2.1\\org.springframework.boot\\spring-boot-starter-data-jpa\\2.7.18\\ffc6aa225da2a9987238ad88ae4550e5ee68da61\\spring-boot-starter-data-jpa-2.7.18.jar;C:\\Users\\user\\.gradle\\caches\\modules-2\\files-2.1\\org.springframework.boot\\spring-boot-starter-thymeleaf\\2.7.18\\c87a27e30720c43372ceb0476b5b00c6f5296df3\\spring-boot-starter-thymeleaf-2.7.18.jar;C:\\Users\\user\\.gradle\\caches\\modules-2\\files-2.1\\org.springframework.boot\\spring-boot-starter-web\\2.7.18\\dd62ea85098187b4604e78dc15a7ff87dba173d\\spring-boot-starter-web-2.7.18.jar;C:\\Users\\user\\.gradle\\caches\\modules-2\\files-2.1\\com.mysql\\mysql-connector-j\\8.0.33\\9e64d997873abc4318620264703d3fdb6b02dd5a\\mysql-connector-j-8.0.33.jar;C:\\Users\\user\\.gradle\\caches\\modules-2\\files-2.1\\org.springframework.boot\\spring-boot-starter-test\\2.7.18\\5a77fb8356e869b880914838843eb73ccb2ba676\\spring-boot-starter-test-2.7.18.jar;C:\\Users\\user\\.gradle\\caches\\modules-2\\files-2.1\\org.junit.jupiter\\junit-jupiter\\5.8.2\\5a817b1e63f1217e5c586090c45e681281f097ad\\junit-jupiter-5.8.2.jar;C:\\Users\\user\\.gradle\\caches\\modules-2\\files-2.1\\org.junit.jupiter\\junit-jupiter-engine\\5.8.2\\c598b4328d2f397194d11df3b1648d68d7d990e3\\junit-jupiter-engine-5.8.2.jar;C:\\Users\\user\\.gradle\\caches\\modules-2\\files-2.1\\org.junit.platform\\junit-platform-engine\\1.8.2\\b737de09f19864bd136805c84df7999a142fec29\\junit-platform-engine-1.8.2.jar;C:\\Users\\user\\.gradle\\caches\\modules-2\\files-2.1\\org.mockito\\mockito-junit-jupiter\\4.5.1\\f81fb60bd69b3a6e5537ae23b883326f01632a61\\mockito-junit-jupit
Launcher Type: SUN_STANDARD

[Global flags]
     intx CICompilerCount                          = 4                                         {product} {ergonomic}
     uint ConcGCThreads                            = 3                                         {product} {ergonomic}
     uint G1ConcRefinementThreads                  = 10                                        {product} {ergonomic}
   size_t G1HeapRegionSize                         = 1048576                                   {product} {ergonomic}
    uintx GCDrainStackTargetSize                   = 64                                        {product} {ergonomic}
   size_t InitialHeapSize                          = 264241152                                 {product} {ergonomic}
   size_t MarkStackSize                            = 4194304                                   {product} {ergonomic}
   size_t MaxHeapSize                              = 536870912                                 {product} {command line}
   size_t MaxNewSize                               = 321912832                                 {product} {ergonomic}
   size_t MinHeapDeltaBytes                        = 1048576                                   {product} {ergonomic}
    uintx NonNMethodCodeHeapSize                   = 5836300                                {pd product} {ergonomic}
    uintx NonProfiledCodeHeapSize                  = 122910970                              {pd product} {ergonomic}
    uintx ProfiledCodeHeapSize                     = 122910970                              {pd product} {ergonomic}
    uintx ReservedCodeCacheSize                    = 251658240                              {pd product} {ergonomic}
     bool SegmentedCodeCache                       = true                                      {product} {ergonomic}
     bool UseCompressedClassPointers               = true                                 {lp64_product} {ergonomic}
     bool UseCompressedOops                        = true                                 {lp64_product} {ergonomic}
     bool UseG1GC                                  = true                                      {product} {ergonomic}
     bool UseLargePagesIndividualAllocation        = false                                  {pd product} {ergonomic}

Logging:
Log output configuration:
 #0: stdout all=warning uptime,level,tags
 #1: stderr all=off uptime,level,tags

Environment Variables:
PATH=C:\Program Files\Common Files\Oracle\Java\javapath;C:\Program Files (x86)\Common Files\Oracle\Java\java8path;C:\Program Files (x86)\Common Files\Oracle\Java\javapath;C:\oraclexe\app\oracle\product\11.2.0\server\bin;C:\windows\system32;C:\windows;C:\windows\System32\Wbem;C:\windows\System32\WindowsPowerShell\v1.0\;C:\windows\System32\OpenSSH\;C:\Program Files\Git\cmd;C:\Users\user\AppData\Local\Microsoft\WindowsApps;C:\Users\user\AppData\Local\Programs\Microsoft VS Code\bin
USERNAME=user
OS=Windows_NT
PROCESSOR_IDENTIFIER=Intel64 Family 6 Model 151 Stepping 2, GenuineIntel



---------------  S Y S T E M  ---------------

OS: Windows 11 , 64 bit Build 22621 (10.0.22621.3958)
Hyper-V role detected

CPU:total 12 (initial active 12) (6 cores per cpu, 2 threads per core) family 6 model 151 stepping 2 microcode 0x1e, cmov, cx8, fxsr, mmx, sse, sse2, sse3, ssse3, sse4.1, sse4.2, popcnt, avx, avx2, aes, clmul, erms, 3dnowpref, lzcnt, ht, tsc, tscinvbit, bmi1, bmi2, adx, sha, fma

Memory: 4k page, system-wide physical 16099M (406M free)
TotalPageFile size 44470M (AvailPageFile size 14M)
current process WorkingSet (physical memory assigned to process): 348M, peak: 361M
current process commit charge ("private bytes"): 493M, peak: 507M

vm_info: Java HotSpot(TM) 64-Bit Server VM (11.0.23+7-LTS-222) for windows-amd64 JRE (11.0.23+7-LTS-222), built on Mar 11 2024 22:13:52 by "mach5one" with MS VC++ 17.6 (VS2022)

END.
